#
# There is insufficient memory for the Java Runtime Environment to continue.
# Native memory allocation (malloc) failed to allocate 1048576 bytes for AllocateHeap
# Possible reasons:
#   The system is out of physical RAM or swap space
#   The process is running with CompressedOops enabled, and the Java Heap may be blocking the growth of the native heap
# Possible solutions:
#   Reduce memory load on the system
#   Increase physical memory or swap space
#   Check if swap backing store is full
#   Decrease Java heap size (-Xmx/-Xms)
#   Decrease number of Java threads
#   Decrease Java thread stack sizes (-Xss)
#   Set larger code cache with -XX:ReservedCodeCacheSize=
#   JVM is running with Unscaled Compressed Oops mode in which the Java heap is
#     placed in the first 4GB address space. The Java Heap base address is the
#     maximum limit for the native heap growth. Please use -XX:HeapBaseMinAddress
#     to set the Java Heap base and to place the Java Heap above 4GB virtual address.
# This output file may be truncated or incomplete.
#
#  Out of Memory Error (allocation.cpp:44), pid=15236, tid=23188
#
# JRE version:  (17.0.8+7) (build )
# Java VM: OpenJDK 64-Bit Server VM (17.0.8+7, mixed mode, sharing, tiered, compressed oops, compressed class ptrs, g1 gc, windows-amd64)
# No core dump will be written. Minidumps are not enabled by default on client versions of Windows
#

---------------  S U M M A R Y ------------

Command Line: -Dfile.encoding=UTF-8 -XX:+ShowCodeDetailsInExceptionMessages app.Aplicacao

Host: Intel(R) Core(TM) i3-1005G1 CPU @ 1.20GHz, 4 cores, 3G,  Windows 11 , 64 bit Build 22621 (10.0.22621.2428)
Time: Fri Oct 13 18:48:34 2023 Hora oficial do Brasil elapsed time: 0.022667 seconds (0d 0h 0m 0s)

---------------  T H R E A D  ---------------

Current thread (0x0000023be52c2980):  JavaThread "Unknown thread" [_thread_in_vm, id=23188, stack(0x000000ab41600000,0x000000ab41700000)]

Stack: [0x000000ab41600000,0x000000ab41700000]
Native frames: (J=compiled Java code, j=interpreted, Vv=VM code, C=native code)
V  [jvm.dll+0x678b0a]
V  [jvm.dll+0x835e84]
V  [jvm.dll+0x83762e]
V  [jvm.dll+0x837c93]
V  [jvm.dll+0x24746f]
V  [jvm.dll+0xa697b]
V  [jvm.dll+0x2d96d4]
V  [jvm.dll+0x807efc]
V  [jvm.dll+0x36bb21]
V  [jvm.dll+0x7e733c]
V  [jvm.dll+0x3ee4af]
V  [jvm.dll+0x3f00c1]
C  [jli.dll+0x528b]
C  [ucrtbase.dll+0x29363]
C  [KERNEL32.DLL+0x1257d]
C  [ntdll.dll+0x5aa78]


---------------  P R O C E S S  ---------------

Threads class SMR info:
_java_thread_list=0x00007ffa5364a018, length=0, elements={
}

Java Threads: ( => current thread )

Other Threads:

=>0x0000023be52c2980 (exited) JavaThread "Unknown thread" [_thread_in_vm, id=23188, stack(0x000000ab41600000,0x000000ab41700000)]

Threads with active compile tasks:

VM state: not at safepoint (not fully initialized)

VM Mutex/Monitor currently owned by a thread: None

Heap address: 0x0000000000000000, size: 0 MB, Compressed Oops mode: 32-bit

CDS archive(s) mapped at: [0x0000000000000000-0x0000000000000000-0x0000000000000000), size 0, SharedBaseAddress: 0x0000000800000000, ArchiveRelocationMode: 1.
Narrow klass base: 0x0000000000000000, Narrow klass shift: 0, Narrow klass range: 0x0

GC Precious Log:
<Empty>

GC Heap History (0 events):
No events

Dll operation events (1 events):
Event: 0.016 Loaded shared library C:\Users\joaom\.p2\pool\plugins\org.eclipse.justj.openjdk.hotspot.jre.full.win32.x86_64_17.0.8.v20230801-1951\jre\bin\java.dll

Deoptimization events (0 events):
No events

Classes unloaded (0 events):
No events

Classes redefined (0 events):
No events

Internal exceptions (0 events):
No events

VM Operations (0 events):
No events

Events (0 events):
No events


Dynamic libraries:
0x00007ff79c8d0000 - 0x00007ff79c8de000 	C:\Users\joaom\.p2\pool\plugins\org.eclipse.justj.openjdk.hotspot.jre.full.win32.x86_64_17.0.8.v20230801-1951\jre\bin\javaw.exe
0x00007ffae4030000 - 0x00007ffae4247000 	C:\WINDOWS\SYSTEM32\ntdll.dll
0x00007ffae3ef0000 - 0x00007ffae3fb4000 	C:\WINDOWS\System32\KERNEL32.DLL
0x00007ffae1700000 - 0x00007ffae1aa6000 	C:\WINDOWS\System32\KERNELBASE.dll
0x00007ffae14c0000 - 0x00007ffae15d1000 	C:\WINDOWS\System32\ucrtbase.dll
0x00007ffadafb0000 - 0x00007ffadafc7000 	C:\Users\joaom\.p2\pool\plugins\org.eclipse.justj.openjdk.hotspot.jre.full.win32.x86_64_17.0.8.v20230801-1951\jre\bin\jli.dll
0x00007ffacf160000 - 0x00007ffacf179000 	C:\Users\joaom\.p2\pool\plugins\org.eclipse.justj.openjdk.hotspot.jre.full.win32.x86_64_17.0.8.v20230801-1951\jre\bin\VCRUNTIME140.dll
0x00007ffae2670000 - 0x00007ffae281d000 	C:\WINDOWS\System32\USER32.dll
0x00007ffae1b30000 - 0x00007ffae1b56000 	C:\WINDOWS\System32\win32u.dll
0x00007ffac5500000 - 0x00007ffac5793000 	C:\WINDOWS\WinSxS\amd64_microsoft.windows.common-controls_6595b64144ccf1df_6.0.22621.2361_none_2712ced57382f843\COMCTL32.dll
0x00007ffae2640000 - 0x00007ffae2669000 	C:\WINDOWS\System32\GDI32.dll
0x00007ffae3d40000 - 0x00007ffae3de7000 	C:\WINDOWS\System32\msvcrt.dll
0x00007ffae15e0000 - 0x00007ffae16f8000 	C:\WINDOWS\System32\gdi32full.dll
0x00007ffae13b0000 - 0x00007ffae144a000 	C:\WINDOWS\System32\msvcp_win.dll
0x00007ffae2d10000 - 0x00007ffae2d41000 	C:\WINDOWS\System32\IMM32.DLL
0x00007ffacf150000 - 0x00007ffacf15c000 	C:\Users\joaom\.p2\pool\plugins\org.eclipse.justj.openjdk.hotspot.jre.full.win32.x86_64_17.0.8.v20230801-1951\jre\bin\vcruntime140_1.dll
0x00007ffa94ad0000 - 0x00007ffa94b61000 	C:\Users\joaom\.p2\pool\plugins\org.eclipse.justj.openjdk.hotspot.jre.full.win32.x86_64_17.0.8.v20230801-1951\jre\bin\msvcp140.dll
0x00007ffa52b30000 - 0x00007ffa5377c000 	C:\Users\joaom\.p2\pool\plugins\org.eclipse.justj.openjdk.hotspot.jre.full.win32.x86_64_17.0.8.v20230801-1951\jre\bin\server\jvm.dll
0x00007ffae3a00000 - 0x00007ffae3ab0000 	C:\WINDOWS\System32\ADVAPI32.dll
0x00007ffae3c90000 - 0x00007ffae3d36000 	C:\WINDOWS\System32\sechost.dll
0x00007ffae3b70000 - 0x00007ffae3c87000 	C:\WINDOWS\System32\RPCRT4.dll
0x00007ffae1280000 - 0x00007ffae12cd000 	C:\WINDOWS\SYSTEM32\POWRPROF.dll
0x00007ffabbfb0000 - 0x00007ffabbfb9000 	C:\WINDOWS\SYSTEM32\WSOCK32.dll
0x00007ffae2540000 - 0x00007ffae25b1000 	C:\WINDOWS\System32\WS2_32.dll
0x00007ffad8b40000 - 0x00007ffad8b4a000 	C:\WINDOWS\SYSTEM32\VERSION.dll
0x00007ffad9ff0000 - 0x00007ffada024000 	C:\WINDOWS\SYSTEM32\WINMM.dll
0x00007ffae1260000 - 0x00007ffae1273000 	C:\WINDOWS\SYSTEM32\UMPDC.dll
0x00007ffae0350000 - 0x00007ffae0368000 	C:\WINDOWS\SYSTEM32\kernel.appcore.dll
0x00007ffac40a0000 - 0x00007ffac40aa000 	C:\Users\joaom\.p2\pool\plugins\org.eclipse.justj.openjdk.hotspot.jre.full.win32.x86_64_17.0.8.v20230801-1951\jre\bin\jimage.dll
0x00007ffac9070000 - 0x00007ffac929e000 	C:\WINDOWS\SYSTEM32\DBGHELP.DLL
0x00007ffae21b0000 - 0x00007ffae253a000 	C:\WINDOWS\System32\combase.dll
0x00007ffae20d0000 - 0x00007ffae21a7000 	C:\WINDOWS\System32\OLEAUT32.dll
0x00007ffabe2c0000 - 0x00007ffabe2f2000 	C:\WINDOWS\SYSTEM32\dbgcore.DLL
0x00007ffae1ab0000 - 0x00007ffae1b2a000 	C:\WINDOWS\System32\bcryptPrimitives.dll
0x00007ffaae6d0000 - 0x00007ffaae6f5000 	C:\Users\joaom\.p2\pool\plugins\org.eclipse.justj.openjdk.hotspot.jre.full.win32.x86_64_17.0.8.v20230801-1951\jre\bin\java.dll

dbghelp: loaded successfully - version: 4.0.5 - missing functions: none
symbol engine: initialized successfully - sym options: 0x614 - pdb path: .;C:\Users\joaom\.p2\pool\plugins\org.eclipse.justj.openjdk.hotspot.jre.full.win32.x86_64_17.0.8.v20230801-1951\jre\bin;C:\WINDOWS\SYSTEM32;C:\WINDOWS\WinSxS\amd64_microsoft.windows.common-controls_6595b64144ccf1df_6.0.22621.2361_none_2712ced57382f843;C:\Users\joaom\.p2\pool\plugins\org.eclipse.justj.openjdk.hotspot.jre.full.win32.x86_64_17.0.8.v20230801-1951\jre\bin\server

VM Arguments:
jvm_args: -Dfile.encoding=UTF-8 -XX:+ShowCodeDetailsInExceptionMessages 
java_command: app.Aplicacao
java_class_path (initial): C:\Users\joaom\git\ti2cc\BD01JavaPostgreSQL\target\classes;C:\Users\joaom\Downloads\json-simple-1.1.1.jar;C:\Users\joaom\.m2\repository\org\postgresql\postgresql\42.3.3\postgresql-42.3.3.jar;C:\Users\joaom\.m2\repository\org\checkerframework\checker-qual\3.5.0\checker-qual-3.5.0.jar
Launcher Type: SUN_STANDARD

[Global flags]
     intx CICompilerCount                          = 3                                         {product} {ergonomic}
     uint ConcGCThreads                            = 1                                         {product} {ergonomic}
     uint G1ConcRefinementThreads                  = 4                                         {product} {ergonomic}
   size_t G1HeapRegionSize                         = 1048576                                   {product} {ergonomic}
    uintx GCDrainStackTargetSize                   = 64                                        {product} {ergonomic}
   size_t InitialHeapSize                          = 62914560                                  {product} {ergonomic}
   size_t MarkStackSize                            = 4194304                                   {product} {ergonomic}
   size_t MaxHeapSize                              = 994050048                                 {product} {ergonomic}
   size_t MinHeapDeltaBytes                        = 1048576                                   {product} {ergonomic}
   size_t MinHeapSize                              = 8388608                                   {product} {ergonomic}
    uintx NonNMethodCodeHeapSize                   = 5832780                                {pd product} {ergonomic}
    uintx NonProfiledCodeHeapSize                  = 122912730                              {pd product} {ergonomic}
    uintx ProfiledCodeHeapSize                     = 122912730                              {pd product} {ergonomic}
    uintx ReservedCodeCacheSize                    = 251658240                              {pd product} {ergonomic}
     bool SegmentedCodeCache                       = true                                      {product} {ergonomic}
     bool ShowCodeDetailsInExceptionMessages       = true                                   {manageable} {command line}
   size_t SoftMaxHeapSize                          = 994050048                              {manageable} {ergonomic}
     bool UseCompressedClassPointers               = true                           {product lp64_product} {ergonomic}
     bool UseCompressedOops                        = true                           {product lp64_product} {ergonomic}
     bool UseG1GC                                  = true                                      {product} {ergonomic}
     bool UseLargePagesIndividualAllocation        = false                                  {pd product} {ergonomic}

Logging:
Log output configuration:
 #0: stdout all=warning uptime,level,tags
 #1: stderr all=off uptime,level,tags

Environment Variables:
PATH=C:/Users/joaom/.p2/pool/plugins/org.eclipse.justj.openjdk.hotspot.jre.full.win32.x86_64_17.0.8.v20230801-1951/jre/bin/server;C:/Users/joaom/.p2/pool/plugins/org.eclipse.justj.openjdk.hotspot.jre.full.win32.x86_64_17.0.8.v20230801-1951/jre/bin;C:\MinGW\bin;C:\WINDOWS\system32;C:\WINDOWS;C:\WINDOWS\System32\Wbem;C:\WINDOWS\System32\WindowsPowerShell\v1.0\;C:\WINDOWS\System32\OpenSSH\;C:\Program Files\Git\cmd;C:\TDM-GCC-64\bin;C:\Users\joaom\AppData\Local\Microsoft\WindowsApps;;C:\Users\joaom\AppData\Local\Programs\Microsoft VS Code\bin;C:\WINDOWS\system32;
USERNAME=joaom
OS=Windows_NT
PROCESSOR_IDENTIFIER=Intel64 Family 6 Model 126 Stepping 5, GenuineIntel
TMP=C:\Users\joaom\AppData\Local\Temp
TEMP=C:\Users\joaom\AppData\Local\Temp



---------------  S Y S T E M  ---------------

OS:
 Windows 11 , 64 bit Build 22621 (10.0.22621.2428)
OS uptime: 1 days 4:16 hours
Hyper-V role detected

CPU: total 4 (initial active 4) (2 cores per cpu, 2 threads per core) family 6 model 126 stepping 5 microcode 0x96, cx8, cmov, fxsr, ht, mmx, 3dnowpref, sse, sse2, sse3, ssse3, sse4.1, sse4.2, popcnt, lzcnt, tsc, tscinvbit, avx, avx2, aes, erms, clmul, bmi1, bmi2, adx, avx512f, avx512dq, avx512cd, avx512bw, avx512vl, sha, fma, vzeroupper, avx512_vpopcntdq, avx512_vpclmulqdq, avx512_vaes, avx512_vnni, clflush, clflushopt, avx512_vbmi2, avx512_vbmi, hv
Processor Information for all 4 processors :
  Max Mhz: 1190, Current Mhz: 1190, Mhz Limit: 1190

Memory: 4k page, system-wide physical 3784M (243M free)
TotalPageFile size 15560M (AvailPageFile size 5M)
current process WorkingSet (physical memory assigned to process): 10M, peak: 10M
current process commit charge ("private bytes"): 14M, peak: 15M

vm_info: OpenJDK 64-Bit Server VM (17.0.8+7) for windows-amd64 JRE (17.0.8+7), built on Jul 18 2023 21:02:32 by "admin" with MS VC++ 16.7 (VS2019)

END.
